<?xml version="1.0" encoding="UTF-8"?>
<!-- Generated by org.testng.reporters.JUnitReportReporter -->
<testsuite hostname="LAPTOP-DMB7QOQV" failures="0" tests="1" name="Scripts.searchproduct" time="60.781" errors="0" timestamp="2021-11-25T22:12:18 COT" skipped="0">
  <testcase classname="Scripts.searchproduct" name="searchmobile" time="60.781"/>
  <system-out/>
</testsuite> <!-- Scripts.searchproduct -->
